<?xml version="1.0" encoding="UTF-8"?>
<!-- Generated by org.testng.reporters.JUnitReportReporter -->
<testsuite hostname="DESKTOP-OBJR7RF" failures="0" tests="1" name="com.MyFirstMaven.TesngExample" time="34.363" errors="0" timestamp="2022-11-16T12:36:00 EST" skipped="0">
  <testcase classname="com.MyFirstMaven.TesngExample" name="test1" time="34.363"/>
  <system-out/>
</testsuite> <!-- com.MyFirstMaven.TesngExample -->
