<?xml version="1.0" encoding="UTF-8"?>
<!-- Generated by org.testng.reporters.JUnitReportReporter -->
<testsuite hostname="DESKTOP-OBJR7RF" failures="0" tests="1" name="com.MyFirstMaven.Testcase2" time="8.598" errors="0" timestamp="2022-11-16T12:36:00 EST" skipped="0">
  <testcase classname="com.MyFirstMaven.Testcase2" name="Test2" time="8.598"/>
  <system-out/>
</testsuite> <!-- com.MyFirstMaven.Testcase2 -->
