<?xml version="1.0" encoding="UTF-8"?>
<!-- Generated by org.testng.reporters.JUnitReportReporter -->
<testsuite hostname="DESKTOP-OBJR7RF" failures="0" tests="1" name="com.MyFirstMaven.Testcase2" time="7.511" errors="0" timestamp="2022-11-22T12:21:08 EST" skipped="0">
  <testcase classname="com.MyFirstMaven.Testcase2" name="Test2" time="7.511"/>
  <system-out/>
</testsuite> <!-- com.MyFirstMaven.Testcase2 -->
